<?xml version="1.0" encoding="UTF-8"?>
<!-- Generated by org.testng.reporters.JUnitXMLReporter -->
<testsuite hostname="LEBLRCND53434KR" name="Test" tests="9" failures="0" timestamp="11 Jan 2017 12:15:24 GMT" time="2.552" errors="0">
  <testcase name="@BeforeMethod launch_App" time="0.0" classname="com.in.testScripts.DeliveryEstimationClass">
    <failure type="org.openqa.selenium.WebDriverException" message="The driver executable does not exist: F:\E\LeEco\Softwares\SeleniumServer\?F:\E\LeEco\Softwares\Chrome\chromedriver.exe
Command duration or timeout: 728 milliseconds
Build info: version: &amp;apos;2.53.1&amp;apos;, revision: &amp;apos;a36b8b1cd5757287168e54b817830adce9b0158d&amp;apos;, time: &amp;apos;2016-06-30 19:26:09&amp;apos;
System info: host: &amp;apos;LEBLRCND53434KR&amp;apos;, ip: &amp;apos;10.78.132.157&amp;apos;, os.name: &amp;apos;Windows 10&amp;apos;, os.arch: &amp;apos;amd64&amp;apos;, os.version: &amp;apos;10.0&amp;apos;, java.version: &amp;apos;1.8.0_111&amp;apos;
Driver info: org.openqa.selenium.remote.RemoteWebDriver">
      <![CDATA[org.openqa.selenium.WebDriverException: The driver executable does not exist: F:\E\LeEco\Softwares\SeleniumServer\?F:\E\LeEco\Softwares\Chrome\chromedriver.exe
Command duration or timeout: 728 milliseconds
Build info: version: '2.53.1', revision: 'a36b8b1cd5757287168e54b817830adce9b0158d', time: '2016-06-30 19:26:09'
System info: host: 'LEBLRCND53434KR', ip: '10.78.132.157', os.name: 'Windows 10', os.arch: 'amd64', os.version: '10.0', java.version: '1.8.0_111'
Driver info: org.openqa.selenium.remote.RemoteWebDriver
	at org.openqa.selenium.remote.ErrorHandler.createThrowable(ErrorHandler.java:206)
	at org.openqa.selenium.remote.ErrorHandler.throwIfResponseFailed(ErrorHandler.java:158)
	at org.openqa.selenium.remote.RemoteWebDriver.execute(RemoteWebDriver.java:678)
	at org.openqa.selenium.remote.RemoteWebDriver.startSession(RemoteWebDriver.java:249)
	at org.openqa.selenium.remote.RemoteWebDriver.<init>(RemoteWebDriver.java:131)
	at org.openqa.selenium.remote.RemoteWebDriver.<init>(RemoteWebDriver.java:158)
	at com.genericLibraries.BrowserHandler.getDriver(BrowserHandler.java:100)
	at com.genericLibraries.BaseClass.launch_App(BaseClass.java:101)
Caused by: java.lang.IllegalStateException: The driver executable does not exist: F:\E\LeEco\Softwares\SeleniumServer\?F:\E\LeEco\Softwares\Chrome\chromedriver.exe
	at com.google.common.base.Preconditions.checkState(Preconditions.java:199)
	at org.openqa.selenium.remote.service.DriverService.checkExecutable(DriverService.java:121)
	at org.openqa.selenium.remote.service.DriverService.findExecutable(DriverService.java:116)
	at org.openqa.selenium.chrome.ChromeDriverService.access$0(ChromeDriverService.java:1)
	at org.openqa.selenium.chrome.ChromeDriverService$Builder.findDefaultExecutable(ChromeDriverService.java:137)
	at org.openqa.selenium.remote.service.DriverService$Builder.build(DriverService.java:296)
	at org.openqa.selenium.chrome.ChromeDriverService.createDefaultService(ChromeDriverService.java:88)
	at org.openqa.selenium.chrome.ChromeDriver.<init>(ChromeDriver.java:138)
	at org.openqa.selenium.remote.server.DefaultDriverProvider.callConstructor(DefaultDriverProvider.java:103)
	at org.openqa.selenium.remote.server.DefaultDriverProvider.newInstance(DefaultDriverProvider.java:97)
	at org.openqa.selenium.remote.server.DefaultDriverFactory.newInstance(DefaultDriverFactory.java:60)
	at org.openqa.selenium.remote.server.DefaultSession$BrowserCreator.call(DefaultSession.java:222)
	at org.openqa.selenium.remote.server.DefaultSession$BrowserCreator.call(DefaultSession.java:1)
	at java.util.concurrent.FutureTask.run(Unknown Source)
	at org.openqa.selenium.remote.server.DefaultSession$1.run(DefaultSession.java:176)
	at java.util.concurrent.ThreadPoolExecutor.runWorker(Unknown Source)
	at java.util.concurrent.ThreadPoolExecutor$Worker.run(Unknown Source)
	at java.lang.Thread.run(Unknown Source)
... Removed 34 stack frames]]>
    </failure>
  </testcase> <!-- @BeforeMethod launch_App -->
  <testcase name="@AfterMethod afterMethod" time="0.0" classname="com.in.testScripts.DeliveryEstimationClass">
    <skipped/>
  </testcase> <!-- @AfterMethod afterMethod -->
  <testcase name="@BeforeMethod launch_App" time="0.0" classname="com.in.testScripts.DeliveryEstimationClass">
    <skipped/>
  </testcase> <!-- @BeforeMethod launch_App -->
  <testcase name="@AfterMethod afterMethod" time="0.0" classname="com.in.testScripts.DeliveryEstimationClass">
    <skipped/>
  </testcase> <!-- @AfterMethod afterMethod -->
  <testcase name="@BeforeMethod launch_App" time="0.0" classname="com.in.testScripts.DeliveryEstimationClass">
    <skipped/>
  </testcase> <!-- @BeforeMethod launch_App -->
  <testcase name="@AfterMethod afterMethod" time="0.0" classname="com.in.testScripts.DeliveryEstimationClass">
    <skipped/>
  </testcase> <!-- @AfterMethod afterMethod -->
  <testcase name="@BeforeMethod launch_App" time="0.0" classname="com.in.testScripts.DeliveryEstimationClass">
    <skipped/>
  </testcase> <!-- @BeforeMethod launch_App -->
  <testcase name="@AfterMethod afterMethod" time="0.0" classname="com.in.testScripts.DeliveryEstimationClass">
    <skipped/>
  </testcase> <!-- @AfterMethod afterMethod -->
  <testcase name="@BeforeMethod launch_App" time="0.0" classname="com.in.testScripts.DeliveryEstimationClass">
    <skipped/>
  </testcase> <!-- @BeforeMethod launch_App -->
  <testcase name="@AfterMethod afterMethod" time="0.0" classname="com.in.testScripts.DeliveryEstimationClass">
    <skipped/>
  </testcase> <!-- @AfterMethod afterMethod -->
  <testcase name="@BeforeMethod launch_App" time="0.0" classname="com.in.testScripts.AddressScenario">
    <skipped/>
  </testcase> <!-- @BeforeMethod launch_App -->
  <testcase name="@AfterMethod afterMethod" time="0.0" classname="com.in.testScripts.AddressScenario">
    <skipped/>
  </testcase> <!-- @AfterMethod afterMethod -->
  <testcase name="@BeforeMethod launch_App" time="0.0" classname="com.in.testScripts.AddressScenario">
    <skipped/>
  </testcase> <!-- @BeforeMethod launch_App -->
  <testcase name="@AfterMethod afterMethod" time="0.0" classname="com.in.testScripts.AddressScenario">
    <skipped/>
  </testcase> <!-- @AfterMethod afterMethod -->
  <testcase name="@BeforeMethod launch_App" time="0.0" classname="com.in.testScripts.AddressScenario">
    <skipped/>
  </testcase> <!-- @BeforeMethod launch_App -->
  <testcase name="@AfterMethod afterMethod" time="0.0" classname="com.in.testScripts.AddressScenario">
    <skipped/>
  </testcase> <!-- @AfterMethod afterMethod -->
  <testcase name="@BeforeMethod launch_App" time="0.0" classname="com.in.testScripts.AddressScenario">
    <skipped/>
  </testcase> <!-- @BeforeMethod launch_App -->
  <testcase name="@AfterMethod afterMethod" time="0.0" classname="com.in.testScripts.AddressScenario">
    <skipped/>
  </testcase> <!-- @AfterMethod afterMethod -->
  <testcase name="deliveryEstimationPincode" time="0.0" classname="com.in.testScripts.DeliveryEstimationClass">
    <skipped/>
  </testcase> <!-- deliveryEstimationPincode -->
  <testcase name="deliveryEstimationPincode" time="0.002" classname="com.in.testScripts.DeliveryEstimationClass">
    <skipped/>
  </testcase> <!-- deliveryEstimationPincode -->
  <testcase name="deliveryEstimationPincode" time="0.001" classname="com.in.testScripts.DeliveryEstimationClass">
    <skipped/>
  </testcase> <!-- deliveryEstimationPincode -->
  <testcase name="deliveryEstimationChangePincode" time="0.0" classname="com.in.testScripts.DeliveryEstimationClass">
    <skipped/>
  </testcase> <!-- deliveryEstimationChangePincode -->
  <testcase name="deliveryEstimationChangePincode" time="0.0" classname="com.in.testScripts.DeliveryEstimationClass">
    <skipped/>
  </testcase> <!-- deliveryEstimationChangePincode -->
  <testcase name="addNewAddressInCheckOutPage" time="0.0" classname="com.in.testScripts.AddressScenario">
    <skipped/>
  </testcase> <!-- addNewAddressInCheckOutPage -->
  <testcase name="editAddressInCheckOutPage" time="0.001" classname="com.in.testScripts.AddressScenario">
    <skipped/>
  </testcase> <!-- editAddressInCheckOutPage -->
  <testcase name="addNewAddressInMyOrders" time="0.001" classname="com.in.testScripts.AddressScenario">
    <skipped/>
  </testcase> <!-- addNewAddressInMyOrders -->
  <testcase name="deleteAddressInMyOrders" time="0.001" classname="com.in.testScripts.AddressScenario">
    <skipped/>
  </testcase> <!-- deleteAddressInMyOrders -->
</testsuite> <!-- Test -->
